{"C:\\Private Project\\ridwanAjibola\\App.js": {"path":"C:\\Private Project\\ridwanAjibola\\App.js","statementMap":{"0":{"start":{"line":14,"column":12},"end":{"line":16,"column":1}},"1":{"start":{"line":15,"column":2},"end":{"line":15,"column":26}}},"fnMap":{"0":{"name":"(anonymous_0)","decl":{"start":{"line":14,"column":12},"end":{"line":14,"column":13}},"loc":{"start":{"line":14,"column":18},"end":{"line":16,"column":1}},"line":14}},"branchMap":{},"s":{"0":1,"1":1},"f":{"0":1},"b":{},"_coverageSchema":"1a1c01bbd47fc00a2c39e90264f33305004495a9","hash":"0c4d2e195524aae4b0347f41b7ce5da56013d63e"}
,"C:\\Private Project\\ridwanAjibola\\src\\colors.js": {"path":"C:\\Private Project\\ridwanAjibola\\src\\colors.js","statementMap":{"0":{"start":{"line":1,"column":22},"end":{"line":8,"column":1}}},"fnMap":{},"branchMap":{},"s":{"0":5},"f":{},"b":{},"_coverageSchema":"1a1c01bbd47fc00a2c39e90264f33305004495a9","hash":"a6eaa50a4f6307d5cf3944c31edaf081dbd90fe5"}
,"C:\\Private Project\\ridwanAjibola\\src\\fonts.js": {"path":"C:\\Private Project\\ridwanAjibola\\src\\fonts.js","statementMap":{"0":{"start":{"line":4,"column":21},"end":{"line":48,"column":1}}},"fnMap":{},"branchMap":{},"s":{"0":5},"f":{},"b":{},"_coverageSchema":"1a1c01bbd47fc00a2c39e90264f33305004495a9","hash":"f381b5730590316c56bd89a6d9669e3e278f1b41"}
,"C:\\Private Project\\ridwanAjibola\\src\\navigations\\stack-navigation.js": {"path":"C:\\Private Project\\ridwanAjibola\\src\\navigations\\stack-navigation.js","statementMap":{"0":{"start":{"line":8,"column":14},"end":{"line":8,"column":36}},"1":{"start":{"line":10,"column":21},"end":{"line":20,"column":1}},"2":{"start":{"line":11,"column":2},"end":{"line":19,"column":4}}},"fnMap":{"0":{"name":"(anonymous_0)","decl":{"start":{"line":10,"column":21},"end":{"line":10,"column":22}},"loc":{"start":{"line":10,"column":27},"end":{"line":20,"column":1}},"line":10}},"branchMap":{},"s":{"0":1,"1":1,"2":1},"f":{"0":1},"b":{},"_coverageSchema":"1a1c01bbd47fc00a2c39e90264f33305004495a9","hash":"2fe88147b9b98884ab0d2024e1a88ab3c5651553"}
,"C:\\Private Project\\ridwanAjibola\\src\\screens\\home-screen\\index.js": {"path":"C:\\Private Project\\ridwanAjibola\\src\\screens\\home-screen\\index.js","statementMap":{"0":{"start":{"line":14,"column":4},"end":{"line":14,"column":12}},"1":{"start":{"line":15,"column":4},"end":{"line":30,"column":6}},"2":{"start":{"line":33,"column":4},"end":{"line":33,"column":19}},"3":{"start":{"line":36,"column":32},"end":{"line":94,"column":3}},"4":{"start":{"line":37,"column":4},"end":{"line":93,"column":5}},"5":{"start":{"line":38,"column":22},"end":{"line":44,"column":7}},"6":{"start":{"line":46,"column":6},"end":{"line":90,"column":7}},"7":{"start":{"line":47,"column":8},"end":{"line":47,"column":57}},"8":{"start":{"line":48,"column":19},"end":{"line":48,"column":73}},"9":{"start":{"line":50,"column":19},"end":{"line":50,"column":21}},"10":{"start":{"line":52,"column":23},"end":{"line":52,"column":32}},"11":{"start":{"line":53,"column":24},"end":{"line":53,"column":33}},"12":{"start":{"line":55,"column":8},"end":{"line":87,"column":11}},"13":{"start":{"line":56,"column":10},"end":{"line":56,"column":43}},"14":{"start":{"line":57,"column":10},"end":{"line":57,"column":26}},"15":{"start":{"line":58,"column":10},"end":{"line":61,"column":13}},"16":{"start":{"line":59,"column":12},"end":{"line":59,"column":26}},"17":{"start":{"line":60,"column":12},"end":{"line":60,"column":57}},"18":{"start":{"line":62,"column":10},"end":{"line":65,"column":13}},"19":{"start":{"line":63,"column":12},"end":{"line":63,"column":46}},"20":{"start":{"line":64,"column":12},"end":{"line":64,"column":37}},"21":{"start":{"line":66,"column":10},"end":{"line":86,"column":13}},"22":{"start":{"line":67,"column":12},"end":{"line":75,"column":15}},"23":{"start":{"line":71,"column":16},"end":{"line":73,"column":19}},"24":{"start":{"line":72,"column":18},"end":{"line":72,"column":78}},"25":{"start":{"line":77,"column":32},"end":{"line":77,"column":52}},"26":{"start":{"line":78,"column":32},"end":{"line":78,"column":53}},"27":{"start":{"line":79,"column":12},"end":{"line":84,"column":15}},"28":{"start":{"line":85,"column":12},"end":{"line":85,"column":47}},"29":{"start":{"line":89,"column":8},"end":{"line":89,"column":49}},"30":{"start":{"line":92,"column":6},"end":{"line":92,"column":24}},"31":{"start":{"line":97,"column":4},"end":{"line":101,"column":5}},"32":{"start":{"line":98,"column":6},"end":{"line":98,"column":38}},"33":{"start":{"line":100,"column":6},"end":{"line":100,"column":38}},"34":{"start":{"line":105,"column":4},"end":{"line":105,"column":37}},"35":{"start":{"line":107,"column":22},"end":{"line":109,"column":5}},"36":{"start":{"line":108,"column":16},"end":{"line":108,"column":40}},"37":{"start":{"line":110,"column":4},"end":{"line":110,"column":48}},"38":{"start":{"line":111,"column":4},"end":{"line":111,"column":25}},"39":{"start":{"line":113,"column":4},"end":{"line":113,"column":23}},"40":{"start":{"line":117,"column":4},"end":{"line":117,"column":37}},"41":{"start":{"line":119,"column":22},"end":{"line":121,"column":5}},"42":{"start":{"line":120,"column":16},"end":{"line":120,"column":40}},"43":{"start":{"line":122,"column":4},"end":{"line":122,"column":48}},"44":{"start":{"line":124,"column":4},"end":{"line":124,"column":25}},"45":{"start":{"line":128,"column":4},"end":{"line":128,"column":23}},"46":{"start":{"line":131,"column":12},"end":{"line":134,"column":3}},"47":{"start":{"line":132,"column":4},"end":{"line":133,"column":5}},"48":{"start":{"line":136,"column":15},"end":{"line":148,"column":3}},"49":{"start":{"line":137,"column":23},"end":{"line":137,"column":25}},"50":{"start":{"line":138,"column":4},"end":{"line":144,"column":5}},"51":{"start":{"line":139,"column":14},"end":{"line":139,"column":23}},"52":{"start":{"line":139,"column":30},"end":{"line":139,"column":36}},"53":{"start":{"line":143,"column":6},"end":{"line":143,"column":47}},"54":{"start":{"line":145,"column":4},"end":{"line":147,"column":7}},"55":{"start":{"line":150,"column":20},"end":{"line":159,"column":3}},"56":{"start":{"line":151,"column":4},"end":{"line":158,"column":6}},"57":{"start":{"line":156,"column":8},"end":{"line":156,"column":41}},"58":{"start":{"line":161,"column":16},"end":{"line":161,"column":54}},"59":{"start":{"line":161,"column":28},"end":{"line":161,"column":54}},"60":{"start":{"line":163,"column":22},"end":{"line":173,"column":3}},"61":{"start":{"line":164,"column":4},"end":{"line":172,"column":6}},"62":{"start":{"line":168,"column":10},"end":{"line":168,"column":70}},"63":{"start":{"line":176,"column":4},"end":{"line":253,"column":6}},"64":{"start":{"line":183,"column":29},"end":{"line":183,"column":68}},"65":{"start":{"line":193,"column":18},"end":{"line":197,"column":20}},"66":{"start":{"line":204,"column":18},"end":{"line":208,"column":20}},"67":{"start":{"line":219,"column":14},"end":{"line":219,"column":37}},"68":{"start":{"line":223,"column":36},"end":{"line":223,"column":43}},"69":{"start":{"line":239,"column":40},"end":{"line":239,"column":52}}},"fnMap":{"0":{"name":"(anonymous_0)","decl":{"start":{"line":13,"column":2},"end":{"line":13,"column":3}},"loc":{"start":{"line":13,"column":16},"end":{"line":31,"column":3}},"line":13},"1":{"name":"(anonymous_1)","decl":{"start":{"line":32,"column":2},"end":{"line":32,"column":3}},"loc":{"start":{"line":32,"column":22},"end":{"line":34,"column":3}},"line":32},"2":{"name":"(anonymous_2)","decl":{"start":{"line":36,"column":32},"end":{"line":36,"column":33}},"loc":{"start":{"line":36,"column":44},"end":{"line":94,"column":3}},"line":36},"3":{"name":"(anonymous_3)","decl":{"start":{"line":55,"column":64},"end":{"line":55,"column":65}},"loc":{"start":{"line":55,"column":78},"end":{"line":87,"column":9}},"line":55},"4":{"name":"(anonymous_4)","decl":{"start":{"line":58,"column":26},"end":{"line":58,"column":27}},"loc":{"start":{"line":58,"column":43},"end":{"line":61,"column":11}},"line":58},"5":{"name":"(anonymous_5)","decl":{"start":{"line":62,"column":27},"end":{"line":62,"column":28}},"loc":{"start":{"line":62,"column":36},"end":{"line":65,"column":11}},"line":62},"6":{"name":"(anonymous_6)","decl":{"start":{"line":66,"column":25},"end":{"line":66,"column":26}},"loc":{"start":{"line":66,"column":31},"end":{"line":86,"column":11}},"line":66},"7":{"name":"(anonymous_7)","decl":{"start":{"line":70,"column":24},"end":{"line":70,"column":25}},"loc":{"start":{"line":70,"column":43},"end":{"line":74,"column":15}},"line":70},"8":{"name":"(anonymous_8)","decl":{"start":{"line":71,"column":37},"end":{"line":71,"column":38}},"loc":{"start":{"line":71,"column":47},"end":{"line":73,"column":17}},"line":71},"9":{"name":"(anonymous_9)","decl":{"start":{"line":96,"column":2},"end":{"line":96,"column":3}},"loc":{"start":{"line":96,"column":21},"end":{"line":102,"column":3}},"line":96},"10":{"name":"(anonymous_10)","decl":{"start":{"line":104,"column":2},"end":{"line":104,"column":3}},"loc":{"start":{"line":104,"column":29},"end":{"line":114,"column":3}},"line":104},"11":{"name":"(anonymous_11)","decl":{"start":{"line":108,"column":6},"end":{"line":108,"column":7}},"loc":{"start":{"line":108,"column":16},"end":{"line":108,"column":40}},"line":108},"12":{"name":"(anonymous_12)","decl":{"start":{"line":116,"column":2},"end":{"line":116,"column":3}},"loc":{"start":{"line":116,"column":29},"end":{"line":125,"column":3}},"line":116},"13":{"name":"(anonymous_13)","decl":{"start":{"line":120,"column":6},"end":{"line":120,"column":7}},"loc":{"start":{"line":120,"column":16},"end":{"line":120,"column":40}},"line":120},"14":{"name":"(anonymous_14)","decl":{"start":{"line":127,"column":2},"end":{"line":127,"column":3}},"loc":{"start":{"line":127,"column":12},"end":{"line":129,"column":3}},"line":127},"15":{"name":"(anonymous_15)","decl":{"start":{"line":131,"column":12},"end":{"line":131,"column":13}},"loc":{"start":{"line":131,"column":24},"end":{"line":134,"column":3}},"line":131},"16":{"name":"(anonymous_16)","decl":{"start":{"line":136,"column":15},"end":{"line":136,"column":16}},"loc":{"start":{"line":136,"column":25},"end":{"line":148,"column":3}},"line":136},"17":{"name":"(anonymous_17)","decl":{"start":{"line":150,"column":20},"end":{"line":150,"column":21}},"loc":{"start":{"line":150,"column":26},"end":{"line":159,"column":3}},"line":150},"18":{"name":"(anonymous_18)","decl":{"start":{"line":155,"column":6},"end":{"line":155,"column":7}},"loc":{"start":{"line":155,"column":12},"end":{"line":157,"column":7}},"line":155},"19":{"name":"(anonymous_19)","decl":{"start":{"line":161,"column":16},"end":{"line":161,"column":17}},"loc":{"start":{"line":161,"column":28},"end":{"line":161,"column":54}},"line":161},"20":{"name":"(anonymous_20)","decl":{"start":{"line":163,"column":22},"end":{"line":163,"column":23}},"loc":{"start":{"line":163,"column":34},"end":{"line":173,"column":3}},"line":163},"21":{"name":"(anonymous_21)","decl":{"start":{"line":167,"column":17},"end":{"line":167,"column":18}},"loc":{"start":{"line":167,"column":23},"end":{"line":169,"column":9}},"line":167},"22":{"name":"(anonymous_22)","decl":{"start":{"line":175,"column":2},"end":{"line":175,"column":3}},"loc":{"start":{"line":175,"column":11},"end":{"line":254,"column":3}},"line":175},"23":{"name":"(anonymous_23)","decl":{"start":{"line":183,"column":23},"end":{"line":183,"column":24}},"loc":{"start":{"line":183,"column":29},"end":{"line":183,"column":68}},"line":183},"24":{"name":"(anonymous_24)","decl":{"start":{"line":192,"column":25},"end":{"line":192,"column":26}},"loc":{"start":{"line":193,"column":18},"end":{"line":197,"column":20}},"line":193},"25":{"name":"(anonymous_25)","decl":{"start":{"line":203,"column":25},"end":{"line":203,"column":26}},"loc":{"start":{"line":204,"column":18},"end":{"line":208,"column":20}},"line":204},"26":{"name":"(anonymous_26)","decl":{"start":{"line":218,"column":17},"end":{"line":218,"column":18}},"loc":{"start":{"line":218,"column":26},"end":{"line":220,"column":13}},"line":218},"27":{"name":"(anonymous_27)","decl":{"start":{"line":223,"column":26},"end":{"line":223,"column":27}},"loc":{"start":{"line":223,"column":36},"end":{"line":223,"column":43}},"line":223},"28":{"name":"(anonymous_28)","decl":{"start":{"line":239,"column":30},"end":{"line":239,"column":31}},"loc":{"start":{"line":239,"column":40},"end":{"line":239,"column":52}},"line":239}},"branchMap":{"0":{"loc":{"start":{"line":46,"column":6},"end":{"line":90,"column":7}},"type":"if","locations":[{"start":{"line":46,"column":6},"end":{"line":90,"column":7}},{"start":{"line":46,"column":6},"end":{"line":90,"column":7}}],"line":46},"1":{"loc":{"start":{"line":97,"column":4},"end":{"line":101,"column":5}},"type":"if","locations":[{"start":{"line":97,"column":4},"end":{"line":101,"column":5}},{"start":{"line":97,"column":4},"end":{"line":101,"column":5}}],"line":97},"2":{"loc":{"start":{"line":132,"column":4},"end":{"line":133,"column":5}},"type":"if","locations":[{"start":{"line":132,"column":4},"end":{"line":133,"column":5}},{"start":{"line":132,"column":4},"end":{"line":133,"column":5}}],"line":132},"3":{"loc":{"start":{"line":140,"column":6},"end":{"line":140,"column":47}},"type":"binary-expr","locations":[{"start":{"line":140,"column":6},"end":{"line":140,"column":12}},{"start":{"line":140,"column":16},"end":{"line":140,"column":47}}],"line":140},"4":{"loc":{"start":{"line":216,"column":9},"end":{"line":227,"column":9}},"type":"binary-expr","locations":[{"start":{"line":216,"column":9},"end":{"line":216,"column":25}},{"start":{"line":217,"column":10},"end":{"line":226,"column":12}}],"line":216},"5":{"loc":{"start":{"line":245,"column":9},"end":{"line":247,"column":9}},"type":"binary-expr","locations":[{"start":{"line":245,"column":9},"end":{"line":245,"column":29}},{"start":{"line":246,"column":10},"end":{"line":246,"column":80}}],"line":245},"6":{"loc":{"start":{"line":249,"column":9},"end":{"line":251,"column":16}},"type":"cond-expr","locations":[{"start":{"line":250,"column":10},"end":{"line":250,"column":55}},{"start":{"line":251,"column":12},"end":{"line":251,"column":16}}],"line":249},"7":{"loc":{"start":{"line":249,"column":9},"end":{"line":249,"column":63}},"type":"binary-expr","locations":[{"start":{"line":249,"column":9},"end":{"line":249,"column":30}},{"start":{"line":249,"column":34},"end":{"line":249,"column":63}}],"line":249}},"s":{"0":1,"1":1,"2":1,"3":1,"4":1,"5":1,"6":0,"7":0,"8":0,"9":0,"10":0,"11":0,"12":0,"13":0,"14":0,"15":0,"16":0,"17":0,"18":0,"19":0,"20":0,"21":0,"22":0,"23":0,"24":0,"25":0,"26":0,"27":0,"28":0,"29":0,"30":0,"31":0,"32":0,"33":0,"34":0,"35":0,"36":0,"37":0,"38":0,"39":0,"40":0,"41":0,"42":0,"43":0,"44":0,"45":0,"46":1,"47":1,"48":1,"49":0,"50":0,"51":0,"52":0,"53":0,"54":0,"55":1,"56":0,"57":0,"58":1,"59":0,"60":1,"61":0,"62":0,"63":1,"64":0,"65":0,"66":0,"67":1,"68":0,"69":0},"f":{"0":1,"1":1,"2":1,"3":0,"4":0,"5":0,"6":0,"7":0,"8":0,"9":0,"10":0,"11":0,"12":0,"13":0,"14":0,"15":1,"16":0,"17":0,"18":0,"19":0,"20":0,"21":0,"22":1,"23":0,"24":0,"25":0,"26":1,"27":0,"28":0},"b":{"0":[0,0],"1":[0,0],"2":[0,0],"3":[0,0],"4":[1,1],"5":[1,0],"6":[1,0],"7":[1,1]},"_coverageSchema":"1a1c01bbd47fc00a2c39e90264f33305004495a9","hash":"b6abbbc5108e94869e7b48e6401ec825986386ed"}
,"C:\\Private Project\\ridwanAjibola\\src\\screens\\home-screen\\styles.js": {"path":"C:\\Private Project\\ridwanAjibola\\src\\screens\\home-screen\\styles.js","statementMap":{"0":{"start":{"line":6,"column":22},"end":{"line":80,"column":2}}},"fnMap":{},"branchMap":{},"s":{"0":1},"f":{},"b":{},"_coverageSchema":"1a1c01bbd47fc00a2c39e90264f33305004495a9","hash":"a40d941f218bc8a4608eb0edfd10b1b1206de4db"}
,"C:\\Private Project\\ridwanAjibola\\src\\screens\\user-info\\index.js": {"path":"C:\\Private Project\\ridwanAjibola\\src\\screens\\user-info\\index.js","statementMap":{"0":{"start":{"line":19,"column":8},"end":{"line":19,"column":39}},"1":{"start":{"line":20,"column":4},"end":{"line":20,"column":27}},"2":{"start":{"line":21,"column":4},"end":{"line":66,"column":6}},"3":{"start":{"line":27,"column":29},"end":{"line":27,"column":59}},"4":{"start":{"line":28,"column":30},"end":{"line":28,"column":68}},"5":{"start":{"line":48,"column":12},"end":{"line":50,"column":19}},"6":{"start":{"line":56,"column":12},"end":{"line":62,"column":14}},"7":{"start":{"line":70,"column":16},"end":{"line":90,"column":1}},"8":{"start":{"line":71,"column":2},"end":{"line":89,"column":4}}},"fnMap":{"0":{"name":"(anonymous_0)","decl":{"start":{"line":11,"column":2},"end":{"line":11,"column":3}},"loc":{"start":{"line":11,"column":11},"end":{"line":67,"column":3}},"line":11},"1":{"name":"(anonymous_1)","decl":{"start":{"line":27,"column":23},"end":{"line":27,"column":24}},"loc":{"start":{"line":27,"column":29},"end":{"line":27,"column":59}},"line":27},"2":{"name":"(anonymous_2)","decl":{"start":{"line":28,"column":24},"end":{"line":28,"column":25}},"loc":{"start":{"line":28,"column":30},"end":{"line":28,"column":68}},"line":28},"3":{"name":"(anonymous_3)","decl":{"start":{"line":47,"column":25},"end":{"line":47,"column":26}},"loc":{"start":{"line":48,"column":12},"end":{"line":50,"column":19}},"line":48},"4":{"name":"(anonymous_4)","decl":{"start":{"line":55,"column":22},"end":{"line":55,"column":23}},"loc":{"start":{"line":56,"column":12},"end":{"line":62,"column":14}},"line":56},"5":{"name":"(anonymous_5)","decl":{"start":{"line":70,"column":16},"end":{"line":70,"column":17}},"loc":{"start":{"line":70,"column":39},"end":{"line":90,"column":1}},"line":70}},"branchMap":{"0":{"loc":{"start":{"line":75,"column":9},"end":{"line":86,"column":9}},"type":"cond-expr","locations":[{"start":{"line":76,"column":10},"end":{"line":76,"column":18}},{"start":{"line":78,"column":10},"end":{"line":85,"column":17}}],"line":75}},"s":{"0":0,"1":0,"2":0,"3":0,"4":0,"5":0,"6":0,"7":1,"8":0},"f":{"0":0,"1":0,"2":0,"3":0,"4":0,"5":0},"b":{"0":[0,0]},"_coverageSchema":"1a1c01bbd47fc00a2c39e90264f33305004495a9","hash":"d2f9d96a66f6b8023dc87feceafa4412d7cb4344"}
,"C:\\Private Project\\ridwanAjibola\\src\\screens\\user-info\\styles.js": {"path":"C:\\Private Project\\ridwanAjibola\\src\\screens\\user-info\\styles.js","statementMap":{"0":{"start":{"line":6,"column":22},"end":{"line":99,"column":2}}},"fnMap":{},"branchMap":{},"s":{"0":1},"f":{},"b":{},"_coverageSchema":"1a1c01bbd47fc00a2c39e90264f33305004495a9","hash":"f09aef63db4c50352439aacd73dcac821997713f"}
,"C:\\Private Project\\ridwanAjibola\\src\\screens\\users\\index.js": {"path":"C:\\Private Project\\ridwanAjibola\\src\\screens\\users\\index.js","statementMap":{"0":{"start":{"line":11,"column":4},"end":{"line":11,"column":17}},"1":{"start":{"line":13,"column":4},"end":{"line":16,"column":6}},"2":{"start":{"line":20,"column":4},"end":{"line":20,"column":29}},"3":{"start":{"line":22,"column":22},"end":{"line":35,"column":3}},"4":{"start":{"line":23,"column":4},"end":{"line":23,"column":35}},"5":{"start":{"line":24,"column":4},"end":{"line":34,"column":9}},"6":{"start":{"line":25,"column":21},"end":{"line":25,"column":31}},"7":{"start":{"line":27,"column":8},"end":{"line":30,"column":11}},"8":{"start":{"line":33,"column":8},"end":{"line":33,"column":47}},"9":{"start":{"line":37,"column":15},"end":{"line":61,"column":3}},"10":{"start":{"line":38,"column":4},"end":{"line":60,"column":23}},"11":{"start":{"line":41,"column":8},"end":{"line":43,"column":11}},"12":{"start":{"line":64,"column":4},"end":{"line":77,"column":6}},"13":{"start":{"line":68,"column":29},"end":{"line":68,"column":59}},"14":{"start":{"line":73,"column":34},"end":{"line":73,"column":41}}},"fnMap":{"0":{"name":"(anonymous_0)","decl":{"start":{"line":10,"column":2},"end":{"line":10,"column":3}},"loc":{"start":{"line":10,"column":21},"end":{"line":17,"column":3}},"line":10},"1":{"name":"(anonymous_1)","decl":{"start":{"line":19,"column":2},"end":{"line":19,"column":3}},"loc":{"start":{"line":19,"column":22},"end":{"line":21,"column":3}},"line":19},"2":{"name":"(anonymous_2)","decl":{"start":{"line":22,"column":22},"end":{"line":22,"column":23}},"loc":{"start":{"line":22,"column":28},"end":{"line":35,"column":3}},"line":22},"3":{"name":"(anonymous_3)","decl":{"start":{"line":25,"column":12},"end":{"line":25,"column":13}},"loc":{"start":{"line":25,"column":21},"end":{"line":25,"column":31}},"line":25},"4":{"name":"(anonymous_4)","decl":{"start":{"line":26,"column":12},"end":{"line":26,"column":13}},"loc":{"start":{"line":26,"column":21},"end":{"line":31,"column":7}},"line":26},"5":{"name":"(anonymous_5)","decl":{"start":{"line":32,"column":13},"end":{"line":32,"column":14}},"loc":{"start":{"line":32,"column":24},"end":{"line":34,"column":7}},"line":32},"6":{"name":"(anonymous_6)","decl":{"start":{"line":37,"column":15},"end":{"line":37,"column":16}},"loc":{"start":{"line":38,"column":4},"end":{"line":60,"column":23}},"line":38},"7":{"name":"(anonymous_7)","decl":{"start":{"line":40,"column":15},"end":{"line":40,"column":16}},"loc":{"start":{"line":40,"column":21},"end":{"line":44,"column":7}},"line":40},"8":{"name":"(anonymous_8)","decl":{"start":{"line":63,"column":2},"end":{"line":63,"column":3}},"loc":{"start":{"line":63,"column":11},"end":{"line":78,"column":3}},"line":63},"9":{"name":"(anonymous_9)","decl":{"start":{"line":68,"column":23},"end":{"line":68,"column":24}},"loc":{"start":{"line":68,"column":29},"end":{"line":68,"column":59}},"line":68},"10":{"name":"(anonymous_10)","decl":{"start":{"line":73,"column":24},"end":{"line":73,"column":25}},"loc":{"start":{"line":73,"column":34},"end":{"line":73,"column":41}},"line":73}},"branchMap":{"0":{"loc":{"start":{"line":50,"column":12},"end":{"line":52,"column":13}},"type":"binary-expr","locations":[{"start":{"line":50,"column":12},"end":{"line":50,"column":36}},{"start":{"line":50,"column":40},"end":{"line":52,"column":13}}],"line":50},"1":{"loc":{"start":{"line":75,"column":9},"end":{"line":75,"column":41}},"type":"binary-expr","locations":[{"start":{"line":75,"column":9},"end":{"line":75,"column":27}},{"start":{"line":75,"column":31},"end":{"line":75,"column":41}}],"line":75}},"s":{"0":0,"1":0,"2":0,"3":0,"4":0,"5":0,"6":0,"7":0,"8":0,"9":0,"10":0,"11":0,"12":0,"13":0,"14":0},"f":{"0":0,"1":0,"2":0,"3":0,"4":0,"5":0,"6":0,"7":0,"8":0,"9":0,"10":0},"b":{"0":[0,0],"1":[0,0]},"_coverageSchema":"1a1c01bbd47fc00a2c39e90264f33305004495a9","hash":"185acb0f0275f431d475fbd1bb00908668bbfec8"}
,"C:\\Private Project\\ridwanAjibola\\src\\screens\\users\\styles.js": {"path":"C:\\Private Project\\ridwanAjibola\\src\\screens\\users\\styles.js","statementMap":{"0":{"start":{"line":6,"column":22},"end":{"line":74,"column":2}}},"fnMap":{},"branchMap":{},"s":{"0":1},"f":{},"b":{},"_coverageSchema":"1a1c01bbd47fc00a2c39e90264f33305004495a9","hash":"1438ec207ba6e666a254d275adaa6a2d49bd8612"}
,"C:\\Private Project\\ridwanAjibola\\src\\shared\\alert-component\\index.js": {"path":"C:\\Private Project\\ridwanAjibola\\src\\shared\\alert-component\\index.js","statementMap":{"0":{"start":{"line":5,"column":30},"end":{"line":13,"column":1}},"1":{"start":{"line":6,"column":2},"end":{"line":12,"column":4}}},"fnMap":{"0":{"name":"(anonymous_0)","decl":{"start":{"line":5,"column":30},"end":{"line":5,"column":31}},"loc":{"start":{"line":5,"column":42},"end":{"line":13,"column":1}},"line":5}},"branchMap":{},"s":{"0":2,"1":4},"f":{"0":4},"b":{},"_coverageSchema":"1a1c01bbd47fc00a2c39e90264f33305004495a9","hash":"21a9ae435aa3ec61562de082b8160b83d31f15d3"}
,"C:\\Private Project\\ridwanAjibola\\src\\shared\\alert-component\\styles.js": {"path":"C:\\Private Project\\ridwanAjibola\\src\\shared\\alert-component\\styles.js","statementMap":{"0":{"start":{"line":6,"column":22},"end":{"line":26,"column":2}}},"fnMap":{},"branchMap":{},"s":{"0":2},"f":{},"b":{},"_coverageSchema":"1a1c01bbd47fc00a2c39e90264f33305004495a9","hash":"3d173ac985c569b753aa2ed773387d805a711e5d"}
,"C:\\Private Project\\ridwanAjibola\\src\\shared\\header-bar\\index.js": {"path":"C:\\Private Project\\ridwanAjibola\\src\\shared\\header-bar\\index.js","statementMap":{"0":{"start":{"line":7,"column":18},"end":{"line":22,"column":1}},"1":{"start":{"line":8,"column":2},"end":{"line":21,"column":4}}},"fnMap":{"0":{"name":"(anonymous_0)","decl":{"start":{"line":7,"column":18},"end":{"line":7,"column":19}},"loc":{"start":{"line":7,"column":58},"end":{"line":22,"column":1}},"line":7}},"branchMap":{"0":{"loc":{"start":{"line":10,"column":7},"end":{"line":15,"column":7}},"type":"binary-expr","locations":[{"start":{"line":10,"column":7},"end":{"line":10,"column":18}},{"start":{"line":11,"column":8},"end":{"line":14,"column":27}}],"line":10},"1":{"loc":{"start":{"line":18,"column":9},"end":{"line":18,"column":66}},"type":"binary-expr","locations":[{"start":{"line":18,"column":9},"end":{"line":18,"column":21}},{"start":{"line":18,"column":25},"end":{"line":18,"column":66}}],"line":18}},"s":{"0":3,"1":3},"f":{"0":3},"b":{"0":[3,0],"1":[3,0]},"_coverageSchema":"1a1c01bbd47fc00a2c39e90264f33305004495a9","hash":"fecd0701816793b5a0d9c7abb64807b7449544b0"}
,"C:\\Private Project\\ridwanAjibola\\src\\shared\\header-bar\\styles.js": {"path":"C:\\Private Project\\ridwanAjibola\\src\\shared\\header-bar\\styles.js","statementMap":{"0":{"start":{"line":6,"column":22},"end":{"line":38,"column":2}}},"fnMap":{},"branchMap":{},"s":{"0":3},"f":{},"b":{},"_coverageSchema":"1a1c01bbd47fc00a2c39e90264f33305004495a9","hash":"bd5eab24e3af19259e41c78844b001ef560aa429"}
,"C:\\Private Project\\ridwanAjibola\\src\\shared\\loader\\index.js": {"path":"C:\\Private Project\\ridwanAjibola\\src\\shared\\loader\\index.js","statementMap":{"0":{"start":{"line":6,"column":22},"end":{"line":13,"column":1}},"1":{"start":{"line":7,"column":2},"end":{"line":12,"column":4}}},"fnMap":{"0":{"name":"(anonymous_0)","decl":{"start":{"line":6,"column":22},"end":{"line":6,"column":23}},"loc":{"start":{"line":6,"column":34},"end":{"line":13,"column":1}},"line":6}},"branchMap":{},"s":{"0":2,"1":3},"f":{"0":3},"b":{},"_coverageSchema":"1a1c01bbd47fc00a2c39e90264f33305004495a9","hash":"8e2df3968d45ea3edbbb60db3173e0070ebf478d"}
,"C:\\Private Project\\ridwanAjibola\\src\\shared\\loader\\styles.js": {"path":"C:\\Private Project\\ridwanAjibola\\src\\shared\\loader\\styles.js","statementMap":{"0":{"start":{"line":4,"column":22},"end":{"line":22,"column":2}}},"fnMap":{},"branchMap":{},"s":{"0":2},"f":{},"b":{},"_coverageSchema":"1a1c01bbd47fc00a2c39e90264f33305004495a9","hash":"b4879bb52d3563dc3006ac606916481eef786c95"}
,"C:\\Private Project\\ridwanAjibola\\src\\shared\\owners-card\\index.js": {"path":"C:\\Private Project\\ridwanAjibola\\src\\shared\\owners-card\\index.js","statementMap":{"0":{"start":{"line":19,"column":8},"end":{"line":19,"column":23}},"1":{"start":{"line":20,"column":4},"end":{"line":64,"column":6}}},"fnMap":{"0":{"name":"(anonymous_0)","decl":{"start":{"line":8,"column":2},"end":{"line":8,"column":3}},"loc":{"start":{"line":8,"column":11},"end":{"line":65,"column":3}},"line":8}},"branchMap":{},"s":{"0":1,"1":1},"f":{"0":1},"b":{},"_coverageSchema":"1a1c01bbd47fc00a2c39e90264f33305004495a9","hash":"eb6e1f1febf7e52eb102574898eb33dcb4a5799b"}
,"C:\\Private Project\\ridwanAjibola\\src\\shared\\owners-card\\styles.js": {"path":"C:\\Private Project\\ridwanAjibola\\src\\shared\\owners-card\\styles.js","statementMap":{"0":{"start":{"line":6,"column":22},"end":{"line":62,"column":2}}},"fnMap":{},"branchMap":{},"s":{"0":2},"f":{},"b":{},"_coverageSchema":"1a1c01bbd47fc00a2c39e90264f33305004495a9","hash":"6a781a6cfbf16709a154daa4c9fb3f42bd52c2d8"}
,"C:\\Private Project\\ridwanAjibola\\src\\shared\\resposive-dimension\\index.js": {"path":"C:\\Private Project\\ridwanAjibola\\src\\shared\\resposive-dimension\\index.js","statementMap":{"0":{"start":{"line":5,"column":18},"end":{"line":5,"column":48}},"1":{"start":{"line":8,"column":19},"end":{"line":8,"column":50}},"2":{"start":{"line":16,"column":28},"end":{"line":24,"column":1}},"3":{"start":{"line":19,"column":4},"end":{"line":19,"column":78}},"4":{"start":{"line":23,"column":2},"end":{"line":23,"column":73}},"5":{"start":{"line":32,"column":29},"end":{"line":42,"column":1}},"6":{"start":{"line":35,"column":4},"end":{"line":37,"column":33}},"7":{"start":{"line":41,"column":2},"end":{"line":41,"column":75}},"8":{"start":{"line":53,"column":32},"end":{"line":64,"column":1}},"9":{"start":{"line":54,"column":2},"end":{"line":63,"column":5}},"10":{"start":{"line":56,"column":4},"end":{"line":56,"column":45}},"11":{"start":{"line":57,"column":4},"end":{"line":57,"column":47}},"12":{"start":{"line":60,"column":4},"end":{"line":62,"column":7}},"13":{"start":{"line":72,"column":34},"end":{"line":74,"column":1}},"14":{"start":{"line":73,"column":2},"end":{"line":73,"column":53}},"15":{"start":{"line":83,"column":18},"end":{"line":85,"column":1}},"16":{"start":{"line":84,"column":2},"end":{"line":84,"column":52}},"17":{"start":{"line":90,"column":18},"end":{"line":92,"column":1}},"18":{"start":{"line":91,"column":2},"end":{"line":91,"column":50}},"19":{"start":{"line":94,"column":2},"end":{"line":94,"column":54}},"20":{"start":{"line":95,"column":27},"end":{"line":95,"column":57}},"21":{"start":{"line":97,"column":28},"end":{"line":97,"column":59}},"22":{"start":{"line":101,"column":16},"end":{"line":101,"column":40}},"23":{"start":{"line":102,"column":2},"end":{"line":110,"column":4}},"24":{"start":{"line":114,"column":2},"end":{"line":116,"column":3}},"25":{"start":{"line":115,"column":4},"end":{"line":115,"column":24}},"26":{"start":{"line":117,"column":2},"end":{"line":117,"column":22}},"27":{"start":{"line":121,"column":2},"end":{"line":125,"column":5}},"28":{"start":{"line":129,"column":2},"end":{"line":129,"column":30}}},"fnMap":{"0":{"name":"(anonymous_0)","decl":{"start":{"line":16,"column":28},"end":{"line":16,"column":29}},"loc":{"start":{"line":16,"column":46},"end":{"line":24,"column":1}},"line":16},"1":{"name":"(anonymous_1)","decl":{"start":{"line":32,"column":29},"end":{"line":32,"column":30}},"loc":{"start":{"line":32,"column":48},"end":{"line":42,"column":1}},"line":32},"2":{"name":"(anonymous_2)","decl":{"start":{"line":53,"column":32},"end":{"line":53,"column":33}},"loc":{"start":{"line":53,"column":42},"end":{"line":64,"column":1}},"line":53},"3":{"name":"(anonymous_3)","decl":{"start":{"line":54,"column":40},"end":{"line":54,"column":41}},"loc":{"start":{"line":54,"column":59},"end":{"line":63,"column":3}},"line":54},"4":{"name":"(anonymous_4)","decl":{"start":{"line":72,"column":34},"end":{"line":72,"column":35}},"loc":{"start":{"line":72,"column":40},"end":{"line":74,"column":1}},"line":72},"5":{"name":"(anonymous_5)","decl":{"start":{"line":73,"column":43},"end":{"line":73,"column":44}},"loc":{"start":{"line":73,"column":49},"end":{"line":73,"column":51}},"line":73},"6":{"name":"(anonymous_6)","decl":{"start":{"line":83,"column":18},"end":{"line":83,"column":19}},"loc":{"start":{"line":83,"column":30},"end":{"line":85,"column":1}},"line":83},"7":{"name":"(anonymous_7)","decl":{"start":{"line":90,"column":18},"end":{"line":90,"column":19}},"loc":{"start":{"line":90,"column":29},"end":{"line":92,"column":1}},"line":90},"8":{"name":"isIphoneX","decl":{"start":{"line":100,"column":16},"end":{"line":100,"column":25}},"loc":{"start":{"line":100,"column":28},"end":{"line":111,"column":1}},"line":100},"9":{"name":"ifIphoneX","decl":{"start":{"line":113,"column":16},"end":{"line":113,"column":25}},"loc":{"start":{"line":113,"column":54},"end":{"line":118,"column":1}},"line":113},"10":{"name":"getStatusBarHeight","decl":{"start":{"line":120,"column":16},"end":{"line":120,"column":34}},"loc":{"start":{"line":120,"column":41},"end":{"line":126,"column":1}},"line":120},"11":{"name":"getBottomSpace","decl":{"start":{"line":128,"column":16},"end":{"line":128,"column":30}},"loc":{"start":{"line":128,"column":33},"end":{"line":130,"column":1}},"line":128}},"branchMap":{"0":{"loc":{"start":{"line":19,"column":4},"end":{"line":19,"column":78}},"type":"cond-expr","locations":[{"start":{"line":19,"column":39},"end":{"line":19,"column":51}},{"start":{"line":19,"column":54},"end":{"line":19,"column":78}}],"line":19},"1":{"loc":{"start":{"line":35,"column":4},"end":{"line":37,"column":33}},"type":"cond-expr","locations":[{"start":{"line":36,"column":8},"end":{"line":36,"column":21}},{"start":{"line":37,"column":8},"end":{"line":37,"column":33}}],"line":35},"2":{"loc":{"start":{"line":61,"column":19},"end":{"line":61,"column":72}},"type":"cond-expr","locations":[{"start":{"line":61,"column":48},"end":{"line":61,"column":58}},{"start":{"line":61,"column":61},"end":{"line":61,"column":72}}],"line":61},"3":{"loc":{"start":{"line":94,"column":2},"end":{"line":94,"column":54}},"type":"cond-expr","locations":[{"start":{"line":94,"column":26},"end":{"line":94,"column":50}},{"start":{"line":94,"column":53},"end":{"line":94,"column":54}}],"line":94},"4":{"loc":{"start":{"line":103,"column":4},"end":{"line":109,"column":26}},"type":"binary-expr","locations":[{"start":{"line":103,"column":4},"end":{"line":103,"column":25}},{"start":{"line":104,"column":4},"end":{"line":104,"column":19}},{"start":{"line":105,"column":4},"end":{"line":105,"column":20}},{"start":{"line":106,"column":5},"end":{"line":106,"column":25}},{"start":{"line":107,"column":6},"end":{"line":107,"column":25}},{"start":{"line":108,"column":6},"end":{"line":108,"column":26}},{"start":{"line":109,"column":6},"end":{"line":109,"column":25}}],"line":103},"5":{"loc":{"start":{"line":114,"column":2},"end":{"line":116,"column":3}},"type":"if","locations":[{"start":{"line":114,"column":2},"end":{"line":116,"column":3}},{"start":{"line":114,"column":2},"end":{"line":116,"column":3}}],"line":114},"6":{"loc":{"start":{"line":122,"column":19},"end":{"line":122,"column":33}},"type":"cond-expr","locations":[{"start":{"line":122,"column":26},"end":{"line":122,"column":28}},{"start":{"line":122,"column":31},"end":{"line":122,"column":33}}],"line":122},"7":{"loc":{"start":{"line":129,"column":9},"end":{"line":129,"column":29}},"type":"cond-expr","locations":[{"start":{"line":129,"column":23},"end":{"line":129,"column":25}},{"start":{"line":129,"column":28},"end":{"line":129,"column":29}}],"line":129}},"s":{"0":5,"1":5,"2":5,"3":84,"4":84,"5":5,"6":96,"7":96,"8":5,"9":0,"10":0,"11":0,"12":0,"13":5,"14":0,"15":5,"16":96,"17":5,"18":84,"19":5,"20":5,"21":5,"22":5,"23":5,"24":5,"25":0,"26":5,"27":5,"28":0},"f":{"0":84,"1":96,"2":0,"3":0,"4":0,"5":0,"6":96,"7":84,"8":5,"9":5,"10":5,"11":0},"b":{"0":[84,0],"1":[96,0],"2":[0,0],"3":[5,0],"4":[5,5,5,5,5,5,5],"5":[0,5],"6":[5,0],"7":[0,0]},"_coverageSchema":"1a1c01bbd47fc00a2c39e90264f33305004495a9","hash":"4c99f93fa3c350e96c22f77bd352a434296a75b4"}
,"C:\\Private Project\\ridwanAjibola\\src\\utils\\helpers.js": {"path":"C:\\Private Project\\ridwanAjibola\\src\\utils\\helpers.js","statementMap":{"0":{"start":{"line":1,"column":26},"end":{"line":4,"column":1}},"1":{"start":{"line":2,"column":18},"end":{"line":2,"column":32}},"2":{"start":{"line":3,"column":2},"end":{"line":3,"column":32}},"3":{"start":{"line":6,"column":23},"end":{"line":9,"column":1}},"4":{"start":{"line":7,"column":15},"end":{"line":7,"column":29}},"5":{"start":{"line":8,"column":2},"end":{"line":8,"column":53}}},"fnMap":{"0":{"name":"(anonymous_0)","decl":{"start":{"line":1,"column":26},"end":{"line":1,"column":27}},"loc":{"start":{"line":1,"column":36},"end":{"line":4,"column":1}},"line":1},"1":{"name":"(anonymous_1)","decl":{"start":{"line":6,"column":23},"end":{"line":6,"column":24}},"loc":{"start":{"line":6,"column":33},"end":{"line":9,"column":1}},"line":6}},"branchMap":{},"s":{"0":1,"1":0,"2":0,"3":1,"4":0,"5":0},"f":{"0":0,"1":0},"b":{},"_coverageSchema":"1a1c01bbd47fc00a2c39e90264f33305004495a9","hash":"27949ae058a31918d27d5f06b14529f0298950d3"}
}
