TN:
SF:App.js
FN:14,(anonymous_0)
FNF:1
FNH:1
FNDA:1,(anonymous_0)
DA:14,1
DA:15,1
LF:2
LH:2
BRF:0
BRH:0
end_of_record
TN:
SF:src\colors.js
FNF:0
FNH:0
DA:1,5
LF:1
LH:1
BRF:0
BRH:0
end_of_record
TN:
SF:src\fonts.js
FNF:0
FNH:0
DA:4,5
LF:1
LH:1
BRF:0
BRH:0
end_of_record
TN:
SF:src\navigations\stack-navigation.js
FN:10,(anonymous_0)
FNF:1
FNH:1
FNDA:1,(anonymous_0)
DA:8,1
DA:10,1
DA:11,1
LF:3
LH:3
BRF:0
BRH:0
end_of_record
TN:
SF:src\screens\home-screen\index.js
FN:13,(anonymous_0)
FN:32,(anonymous_1)
FN:36,(anonymous_2)
FN:55,(anonymous_3)
FN:58,(anonymous_4)
FN:62,(anonymous_5)
FN:66,(anonymous_6)
FN:70,(anonymous_7)
FN:71,(anonymous_8)
FN:96,(anonymous_9)
FN:104,(anonymous_10)
FN:108,(anonymous_11)
FN:116,(anonymous_12)
FN:120,(anonymous_13)
FN:127,(anonymous_14)
FN:131,(anonymous_15)
FN:136,(anonymous_16)
FN:150,(anonymous_17)
FN:155,(anonymous_18)
FN:161,(anonymous_19)
FN:163,(anonymous_20)
FN:167,(anonymous_21)
FN:175,(anonymous_22)
FN:183,(anonymous_23)
FN:192,(anonymous_24)
FN:203,(anonymous_25)
FN:218,(anonymous_26)
FN:223,(anonymous_27)
FN:239,(anonymous_28)
FNF:29
FNH:6
FNDA:1,(anonymous_0)
FNDA:1,(anonymous_1)
FNDA:1,(anonymous_2)
FNDA:0,(anonymous_3)
FNDA:0,(anonymous_4)
FNDA:0,(anonymous_5)
FNDA:0,(anonymous_6)
FNDA:0,(anonymous_7)
FNDA:0,(anonymous_8)
FNDA:0,(anonymous_9)
FNDA:0,(anonymous_10)
FNDA:0,(anonymous_11)
FNDA:0,(anonymous_12)
FNDA:0,(anonymous_13)
FNDA:0,(anonymous_14)
FNDA:1,(anonymous_15)
FNDA:0,(anonymous_16)
FNDA:0,(anonymous_17)
FNDA:0,(anonymous_18)
FNDA:0,(anonymous_19)
FNDA:0,(anonymous_20)
FNDA:0,(anonymous_21)
FNDA:1,(anonymous_22)
FNDA:0,(anonymous_23)
FNDA:0,(anonymous_24)
FNDA:0,(anonymous_25)
FNDA:1,(anonymous_26)
FNDA:0,(anonymous_27)
FNDA:0,(anonymous_28)
DA:14,1
DA:15,1
DA:33,1
DA:36,1
DA:37,1
DA:38,1
DA:46,0
DA:47,0
DA:48,0
DA:50,0
DA:52,0
DA:53,0
DA:55,0
DA:56,0
DA:57,0
DA:58,0
DA:59,0
DA:60,0
DA:62,0
DA:63,0
DA:64,0
DA:66,0
DA:67,0
DA:71,0
DA:72,0
DA:77,0
DA:78,0
DA:79,0
DA:85,0
DA:89,0
DA:92,0
DA:97,0
DA:98,0
DA:100,0
DA:105,0
DA:107,0
DA:108,0
DA:110,0
DA:111,0
DA:113,0
DA:117,0
DA:119,0
DA:120,0
DA:122,0
DA:124,0
DA:128,0
DA:131,1
DA:132,1
DA:136,1
DA:137,0
DA:138,0
DA:139,0
DA:143,0
DA:145,0
DA:150,1
DA:151,0
DA:156,0
DA:161,1
DA:163,1
DA:164,0
DA:168,0
DA:176,1
DA:183,0
DA:193,0
DA:204,0
DA:219,1
DA:223,0
DA:239,0
LF:68
LH:14
BRDA:46,0,0,0
BRDA:46,0,1,0
BRDA:97,1,0,0
BRDA:97,1,1,0
BRDA:132,2,0,0
BRDA:132,2,1,0
BRDA:140,3,0,0
BRDA:140,3,1,0
BRDA:216,4,0,1
BRDA:216,4,1,1
BRDA:245,5,0,1
BRDA:245,5,1,0
BRDA:249,6,0,1
BRDA:249,6,1,0
BRDA:249,7,0,1
BRDA:249,7,1,1
BRF:16
BRH:6
end_of_record
TN:
SF:src\screens\home-screen\styles.js
FNF:0
FNH:0
DA:6,1
LF:1
LH:1
BRF:0
BRH:0
end_of_record
TN:
SF:src\screens\user-info\index.js
FN:11,(anonymous_0)
FN:27,(anonymous_1)
FN:28,(anonymous_2)
FN:47,(anonymous_3)
FN:55,(anonymous_4)
FN:70,(anonymous_5)
FNF:6
FNH:0
FNDA:0,(anonymous_0)
FNDA:0,(anonymous_1)
FNDA:0,(anonymous_2)
FNDA:0,(anonymous_3)
FNDA:0,(anonymous_4)
FNDA:0,(anonymous_5)
DA:19,0
DA:20,0
DA:21,0
DA:27,0
DA:28,0
DA:48,0
DA:56,0
DA:70,1
DA:71,0
LF:9
LH:1
BRDA:75,0,0,0
BRDA:75,0,1,0
BRF:2
BRH:0
end_of_record
TN:
SF:src\screens\user-info\styles.js
FNF:0
FNH:0
DA:6,1
LF:1
LH:1
BRF:0
BRH:0
end_of_record
TN:
SF:src\screens\users\index.js
FN:10,(anonymous_0)
FN:19,(anonymous_1)
FN:22,(anonymous_2)
FN:25,(anonymous_3)
FN:26,(anonymous_4)
FN:32,(anonymous_5)
FN:37,(anonymous_6)
FN:40,(anonymous_7)
FN:63,(anonymous_8)
FN:68,(anonymous_9)
FN:73,(anonymous_10)
FNF:11
FNH:0
FNDA:0,(anonymous_0)
FNDA:0,(anonymous_1)
FNDA:0,(anonymous_2)
FNDA:0,(anonymous_3)
FNDA:0,(anonymous_4)
FNDA:0,(anonymous_5)
FNDA:0,(anonymous_6)
FNDA:0,(anonymous_7)
FNDA:0,(anonymous_8)
FNDA:0,(anonymous_9)
FNDA:0,(anonymous_10)
DA:11,0
DA:13,0
DA:20,0
DA:22,0
DA:23,0
DA:24,0
DA:25,0
DA:27,0
DA:33,0
DA:37,0
DA:38,0
DA:41,0
DA:64,0
DA:68,0
DA:73,0
LF:15
LH:0
BRDA:50,0,0,0
BRDA:50,0,1,0
BRDA:75,1,0,0
BRDA:75,1,1,0
BRF:4
BRH:0
end_of_record
TN:
SF:src\screens\users\styles.js
FNF:0
FNH:0
DA:6,1
LF:1
LH:1
BRF:0
BRH:0
end_of_record
TN:
SF:src\shared\alert-component\index.js
FN:5,(anonymous_0)
FNF:1
FNH:1
FNDA:4,(anonymous_0)
DA:5,2
DA:6,4
LF:2
LH:2
BRF:0
BRH:0
end_of_record
TN:
SF:src\shared\alert-component\styles.js
FNF:0
FNH:0
DA:6,2
LF:1
LH:1
BRF:0
BRH:0
end_of_record
TN:
SF:src\shared\header-bar\index.js
FN:7,(anonymous_0)
FNF:1
FNH:1
FNDA:3,(anonymous_0)
DA:7,3
DA:8,3
LF:2
LH:2
BRDA:10,0,0,3
BRDA:10,0,1,0
BRDA:18,1,0,3
BRDA:18,1,1,0
BRF:4
BRH:2
end_of_record
TN:
SF:src\shared\header-bar\styles.js
FNF:0
FNH:0
DA:6,3
LF:1
LH:1
BRF:0
BRH:0
end_of_record
TN:
SF:src\shared\loader\index.js
FN:6,(anonymous_0)
FNF:1
FNH:1
FNDA:3,(anonymous_0)
DA:6,2
DA:7,3
LF:2
LH:2
BRF:0
BRH:0
end_of_record
TN:
SF:src\shared\loader\styles.js
FNF:0
FNH:0
DA:4,2
LF:1
LH:1
BRF:0
BRH:0
end_of_record
TN:
SF:src\shared\owners-card\index.js
FN:8,(anonymous_0)
FNF:1
FNH:1
FNDA:1,(anonymous_0)
DA:19,1
DA:20,1
LF:2
LH:2
BRF:0
BRH:0
end_of_record
TN:
SF:src\shared\owners-card\styles.js
FNF:0
FNH:0
DA:6,2
LF:1
LH:1
BRF:0
BRH:0
end_of_record
TN:
SF:src\shared\resposive-dimension\index.js
FN:16,(anonymous_0)
FN:32,(anonymous_1)
FN:53,(anonymous_2)
FN:54,(anonymous_3)
FN:72,(anonymous_4)
FN:73,(anonymous_5)
FN:83,(anonymous_6)
FN:90,(anonymous_7)
FN:100,isIphoneX
FN:113,ifIphoneX
FN:120,getStatusBarHeight
FN:128,getBottomSpace
FNF:12
FNH:7
FNDA:84,(anonymous_0)
FNDA:96,(anonymous_1)
FNDA:0,(anonymous_2)
FNDA:0,(anonymous_3)
FNDA:0,(anonymous_4)
FNDA:0,(anonymous_5)
FNDA:96,(anonymous_6)
FNDA:84,(anonymous_7)
FNDA:5,isIphoneX
FNDA:5,ifIphoneX
FNDA:5,getStatusBarHeight
FNDA:0,getBottomSpace
DA:5,5
DA:8,5
DA:16,5
DA:19,84
DA:23,84
DA:32,5
DA:35,96
DA:41,96
DA:53,5
DA:54,0
DA:56,0
DA:57,0
DA:60,0
DA:72,5
DA:73,0
DA:83,5
DA:84,96
DA:90,5
DA:91,84
DA:94,5
DA:95,5
DA:97,5
DA:101,5
DA:102,5
DA:114,5
DA:115,0
DA:117,5
DA:121,5
DA:129,0
LF:29
LH:22
BRDA:19,0,0,84
BRDA:19,0,1,0
BRDA:35,1,0,96
BRDA:35,1,1,0
BRDA:61,2,0,0
BRDA:61,2,1,0
BRDA:94,3,0,5
BRDA:94,3,1,0
BRDA:103,4,0,5
BRDA:103,4,1,5
BRDA:103,4,2,5
BRDA:103,4,3,5
BRDA:103,4,4,5
BRDA:103,4,5,5
BRDA:103,4,6,5
BRDA:114,5,0,0
BRDA:114,5,1,5
BRDA:122,6,0,5
BRDA:122,6,1,0
BRDA:129,7,0,0
BRDA:129,7,1,0
BRF:21
BRH:12
end_of_record
TN:
SF:src\utils\helpers.js
FN:1,(anonymous_0)
FN:6,(anonymous_1)
FNF:2
FNH:0
FNDA:0,(anonymous_0)
FNDA:0,(anonymous_1)
DA:1,1
DA:2,0
DA:3,0
DA:6,1
DA:7,0
DA:8,0
LF:6
LH:2
BRF:0
BRH:0
end_of_record
